00:06:36 **** Incremental Build of configuration Debug for project ADC_Lec2AnalogSensorsWithLoginProject1 ****
make all 
Building file: ../main.c
Invoking: AVR Compiler
avr-gcc -Wall -g2 -gstabs -O0 -fpack-struct -fshort-enums -ffunction-sections -fdata-sections -std=gnu99 -funsigned-char -funsigned-bitfields -mmcu=atmega32 -DF_CPU=8000000UL -MMD -MP -MF"main.d" -MT"main.o" -c -o "main.o" "../main.c"
In file included from ../main.c:17:
d:/embedded systems avr tools/01- imt sdk/imt_sdk_win_64/winavr/lib/gcc/../../avr/include/util/delay.h:90:3: warning: #warning "Compiler optimizations disabled; functions from <util/delay.h> won't work as designed"
../main.c:21: warning: return type of 'main' is not 'int'
Finished building: ../main.c
 
Building target: ADC_Lec2AnalogSensorsWithLoginProject1.elf
Invoking: AVR C Linker
avr-gcc -Wl,-Map,ADC_Lec2AnalogSensorsWithLoginProject1.map -mmcu=atmega32 -o "ADC_Lec2AnalogSensorsWithLoginProject1.elf"  ./ADC_program.o ./CLCD_program.o ./DIO_program.o ./KEYPAD_program.o ./LDR_program.o ./LIBRARY_program.o ./LM35_program.o ./MOTOR_program.o ./PORT_program.o ./SSD_program.o ./main.o   
Finished building target: ADC_Lec2AnalogSensorsWithLoginProject1.elf
 
Invoking: AVR Create Extended Listing
avr-objdump -h -S ADC_Lec2AnalogSensorsWithLoginProject1.elf  >"ADC_Lec2AnalogSensorsWithLoginProject1.lss"
Finished building: ADC_Lec2AnalogSensorsWithLoginProject1.lss
 
Create Flash image (ihex format)
avr-objcopy -R .eeprom -R .fuse -R .lock -R .signature -O ihex ADC_Lec2AnalogSensorsWithLoginProject1.elf  "ADC_Lec2AnalogSensorsWithLoginProject1.hex"
Finished building: ADC_Lec2AnalogSensorsWithLoginProject1.hex
 
Invoking: Print Size
avr-size --format=avr --mcu=atmega32 ADC_Lec2AnalogSensorsWithLoginProject1.elf
AVR Memory Usage
----------------
Device: atmega32

Program:   14152 bytes (43.2% Full)
(.text + .data + .bootloader)

Data:        366 bytes (17.9% Full)
(.data + .bss + .noinit)


Finished building: sizedummy
 

00:06:37 Build Finished (took 949ms)

