18:10:21 **** Incremental Build of configuration Debug for project ADC_Lec3BuzzerApplication ****
make all 
Building file: ../main.c
Invoking: AVR Compiler
avr-gcc -Wall -g2 -gstabs -O0 -fpack-struct -fshort-enums -ffunction-sections -fdata-sections -std=gnu99 -funsigned-char -funsigned-bitfields -mmcu=atmega32 -DF_CPU=8000000UL -MMD -MP -MF"main.d" -MT"main.o" -c -o "main.o" "../main.c"
In file included from ../main.c:8:
d:/embedded systems avr tools/01- imt sdk/imt_sdk_win_64/winavr/lib/gcc/../../avr/include/util/delay.h:90:3: warning: #warning "Compiler optimizations disabled; functions from <util/delay.h> won't work as designed"
../main.c:17: warning: return type of 'main' is not 'int'
Finished building: ../main.c
 
Building target: ADC_Lec3BuzzerApplication.elf
Invoking: AVR C Linker
avr-gcc -Wl,-Map,ADC_Lec3BuzzerApplication.map -mmcu=atmega32 -o "ADC_Lec3BuzzerApplication.elf"  ./DIO_program.o ./KEYPAD_program.o ./PORT_program.o ./main.o   
Finished building target: ADC_Lec3BuzzerApplication.elf
 
Invoking: AVR Create Extended Listing
avr-objdump -h -S ADC_Lec3BuzzerApplication.elf  >"ADC_Lec3BuzzerApplication.lss"
Finished building: ADC_Lec3BuzzerApplication.lss
 
Create Flash image (ihex format)
avr-objcopy -R .eeprom -R .fuse -R .lock -R .signature -O ihex ADC_Lec3BuzzerApplication.elf  "ADC_Lec3BuzzerApplication.hex"
Finished building: ADC_Lec3BuzzerApplication.hex
 
Invoking: Print Size
avr-size --format=avr --mcu=atmega32 ADC_Lec3BuzzerApplication.elf
AVR Memory Usage
----------------
Device: atmega32

Program:    8126 bytes (24.8% Full)
(.text + .data + .bootloader)

Data:        288 bytes (14.1% Full)
(.data + .bss + .noinit)


Finished building: sizedummy
 

18:10:22 Build Finished (took 920ms)

