04:50:09 **** Incremental Build of configuration Debug for project CourseProject ****
make all 
Building file: ../main.c
Invoking: AVR Compiler
avr-gcc -Wall -g2 -gstabs -O0 -fpack-struct -fshort-enums -ffunction-sections -fdata-sections -std=gnu99 -funsigned-char -funsigned-bitfields -mmcu=atmega32 -DF_CPU=8000000UL -MMD -MP -MF"main.d" -MT"main.o" -c -o "main.o" "../main.c"
In file included from ../main.c:17:
d:/embedded systems avr tools/01- imt sdk/imt_sdk_win_64/winavr/lib/gcc/../../avr/include/util/delay.h:90:3: warning: #warning "Compiler optimizations disabled; functions from <util/delay.h> won't work as designed"
../main.c:58: warning: return type of 'main' is not 'int'
Finished building: ../main.c
 
Building target: CourseProject.elf
Invoking: AVR C Linker
avr-gcc -Wl,-Map,CourseProject.map -mmcu=atmega32 -o "CourseProject.elf"  ./ADC_program.o ./CLCD_program.o ./DIO_program.o ./GIE_program.o ./ICU_program.o ./LDR_program.o ./LIBRARY_program.o ./LM35_program.o ./PORT_program.o ./TIMERS_program.o ./ULTSONIC_program.o ./USART_program.o ./main.o   
Finished building target: CourseProject.elf
 
Invoking: AVR Create Extended Listing
avr-objdump -h -S CourseProject.elf  >"CourseProject.lss"
Finished building: CourseProject.lss
 
Create Flash image (ihex format)
avr-objcopy -R .eeprom -R .fuse -R .lock -R .signature -O ihex CourseProject.elf  "CourseProject.hex"
Finished building: CourseProject.hex
 
Invoking: Print Size
avr-size --format=avr --mcu=atmega32 CourseProject.elf
AVR Memory Usage
----------------
Device: atmega32

Program:   23166 bytes (70.7% Full)
(.text + .data + .bootloader)

Data:        455 bytes (22.2% Full)
(.data + .bss + .noinit)


Finished building: sizedummy
 

04:50:10 Build Finished (took 1s.256ms)

