22:20:32 **** Incremental Build of configuration Debug for project DIO ****
make all 
Building file: ../KEYPAD_program.c
Invoking: AVR Compiler
avr-gcc -Wall -g2 -gstabs -O0 -fpack-struct -fshort-enums -ffunction-sections -fdata-sections -std=gnu99 -funsigned-char -funsigned-bitfields -mmcu=atmega32 -DF_CPU=8000000UL -MMD -MP -MF"KEYPAD_program.d" -MT"KEYPAD_program.o" -c -o "KEYPAD_program.o" "../KEYPAD_program.c"
Finished building: ../KEYPAD_program.c
 
Building target: DIO.elf
Invoking: AVR C Linker
avr-gcc -Wl,-Map,DIO.map -mmcu=atmega32 -o "DIO.elf"  ./CLCD_program.o ./DIO_program.o ./KEYPAD_program.o ./LED_program.o ./MOTOR_program.o ./PORT_program.o ./SSD_program.o ./STEPPER_program.o ./SWITCH_program.o ./main.o   
Finished building target: DIO.elf
 
Invoking: AVR Create Extended Listing
avr-objdump -h -S DIO.elf  >"DIO.lss"
Finished building: DIO.lss
 
Create Flash image (ihex format)
avr-objcopy -R .eeprom -R .fuse -R .lock -R .signature -O ihex DIO.elf  "DIO.hex"
Finished building: DIO.hex
 
Invoking: Print Size
avr-size --format=avr --mcu=atmega32 DIO.elf
AVR Memory Usage
----------------
Device: atmega32

Program:   11678 bytes (35.6% Full)
(.text + .data + .bootloader)

Data:        402 bytes (19.6% Full)
(.data + .bss + .noinit)


Finished building: sizedummy
 

22:20:33 Build Finished (took 800ms)

