01:37:53 **** Incremental Build of configuration Debug for project Drivers1 ****
make all 
Building file: ../main.c
Invoking: AVR Compiler
avr-gcc -Wall -g2 -gstabs -O0 -fpack-struct -fshort-enums -ffunction-sections -fdata-sections -std=gnu99 -funsigned-char -funsigned-bitfields -mmcu=atmega32 -DF_CPU=8000000UL -MMD -MP -MF"main.d" -MT"main.o" -c -o "main.o" "../main.c"
In file included from ../main.c:11:
d:/embedded systems avr tools/01- imt sdk/imt_sdk_win_64/winavr/lib/gcc/../../avr/include/util/delay.h:90:3: warning: #warning "Compiler optimizations disabled; functions from <util/delay.h> won't work as designed"
../main.c:24: warning: return type of 'main' is not 'int'
Finished building: ../main.c
 
Building target: Drivers1.elf
Invoking: AVR C Linker
avr-gcc -Wl,-Map,Drivers1.map -mmcu=atmega32 -o "Drivers1.elf"  ./CLCD_program.o ./DIO_program.o ./EXTI_program.o ./GIE_program.o ./KEYPAD_program.o ./LED_program.o ./MOTOR_program.o ./PORT_program.o ./SSD_program.o ./STEPPER_program.o ./SWITCH_program.o ./main.o   
Finished building target: Drivers1.elf
 
Invoking: AVR Create Extended Listing
avr-objdump -h -S Drivers1.elf  >"Drivers1.lss"
Finished building: Drivers1.lss
 
Create Flash image (ihex format)
avr-objcopy -R .eeprom -R .fuse -R .lock -R .signature -O ihex Drivers1.elf  "Drivers1.hex"
Finished building: Drivers1.hex
 
Invoking: Print Size
avr-size --format=avr --mcu=atmega32 Drivers1.elf
AVR Memory Usage
----------------
Device: atmega32

Program:   12916 bytes (39.4% Full)
(.text + .data + .bootloader)

Data:        289 bytes (14.1% Full)
(.data + .bss + .noinit)


Finished building: sizedummy
 

01:37:54 Build Finished (took 874ms)

