14:15:15 **** Incremental Build of configuration Debug for project Drivers ****
make all 
Building file: ../main.c
Invoking: AVR Compiler
avr-gcc -Wall -g2 -gstabs -O0 -fpack-struct -fshort-enums -ffunction-sections -fdata-sections -std=gnu99 -funsigned-char -funsigned-bitfields -mmcu=atmega32 -DF_CPU=8000000UL -MMD -MP -MF"main.d" -MT"main.o" -c -o "main.o" "../main.c"
In file included from ../main.c:8:
d:/embedded systems avr tools/01- imt sdk/imt_sdk_win_64/winavr/lib/gcc/../../avr/include/util/delay.h:90:3: warning: #warning "Compiler optimizations disabled; functions from <util/delay.h> won't work as designed"
../main.c:11: warning: return type of 'main' is not 'int'
Finished building: ../main.c
 
Building target: Drivers.elf
Invoking: AVR C Linker
avr-gcc -Wl,-Map,Drivers.map -mmcu=atmega32 -o "Drivers.elf"  ./ADC_program.o ./CLCD_program.o ./DAC_program.o ./DIO_program.o ./EEPROM_program.o ./EXTI_program.o ./GIE_program.o ./ICU_program.o ./KEYPAD_program.o ./LDR_program.o ./LED_program.o ./LIBRARY_program.o ./LM35_program.o ./MOTOR_program.o ./PORT_program.o ./PWM_program.o ./SCHED_program.o ./SPI_program.o ./SSD_program.o ./STEPPER_program.o ./SWITCH_program.o ./TIMERS_program.o ./TWI_program.o ./UART_program.o ./ULTSONIC_program.o ./main.o   
Finished building target: Drivers.elf
 
Invoking: AVR Create Extended Listing
avr-objdump -h -S Drivers.elf  >"Drivers.lss"
Finished building: Drivers.lss
 
Create Flash image (ihex format)
avr-objcopy -R .eeprom -R .fuse -R .lock -R .signature -O ihex Drivers.elf  "Drivers.hex"
Finished building: Drivers.hex
 
Invoking: Print Size
avr-size --format=avr --mcu=atmega32 Drivers.elf
AVR Memory Usage
----------------
Device: atmega32

Program:   30612 bytes (93.4% Full)
(.text + .data + .bootloader)

Data:        413 bytes (20.2% Full)
(.data + .bss + .noinit)


Finished building: sizedummy
 

14:15:16 Build Finished (took 1s.38ms)

