00:46:11 **** Incremental Build of configuration Debug for project EEPROM_AbsenceSystem ****
make all 
Building file: ../main.c
Invoking: AVR Compiler
avr-gcc -Wall -g2 -gstabs -O0 -fpack-struct -fshort-enums -ffunction-sections -fdata-sections -std=gnu99 -funsigned-char -funsigned-bitfields -mmcu=atmega32 -DF_CPU=8000000UL -MMD -MP -MF"main.d" -MT"main.o" -c -o "main.o" "../main.c"
In file included from ../main.c:15:
d:/embedded systems avr tools/01- imt sdk/imt_sdk_win_64/winavr/lib/gcc/../../avr/include/util/delay.h:90:3: warning: #warning "Compiler optimizations disabled; functions from <util/delay.h> won't work as designed"
../main.c:23: warning: return type of 'main' is not 'int'
../main.c: In function 'main':
../main.c:83: warning: unused variable 'Local_u16AttendedDaysAddress'
../main.c:79: warning: unused variable 'Local_u16TotalAttendedDays'
../main.c:77: warning: unused variable 'Local_u8MainMenuFlag'
../main.c: In function 'Main_u16IsIDExist':
../main.c:506: warning: control reaches end of non-void function
Finished building: ../main.c
 
Building target: EEPROM_AbsenceSystem.elf
Invoking: AVR C Linker
avr-gcc -Wl,-Map,EEPROM_AbsenceSystem.map -mmcu=atmega32 -o "EEPROM_AbsenceSystem.elf"  ./CLCD_program.o ./DIO_program.o ./EEPROM_program.o ./GIE_program.o ./KEYPAD_program.o ./PORT_program.o ./TIMERS_program.o ./TWI_program.o ./main.o   
Finished building target: EEPROM_AbsenceSystem.elf
 
Invoking: AVR Create Extended Listing
avr-objdump -h -S EEPROM_AbsenceSystem.elf  >"EEPROM_AbsenceSystem.lss"
Finished building: EEPROM_AbsenceSystem.lss
 
Create Flash image (ihex format)
avr-objcopy -R .eeprom -R .fuse -R .lock -R .signature -O ihex EEPROM_AbsenceSystem.elf  "EEPROM_AbsenceSystem.hex"
Finished building: EEPROM_AbsenceSystem.hex
 
Invoking: Print Size
avr-size --format=avr --mcu=atmega32 EEPROM_AbsenceSystem.elf
AVR Memory Usage
----------------
Device: atmega32

Program:   20884 bytes (63.7% Full)
(.text + .data + .bootloader)

Data:        267 bytes (13.0% Full)
(.data + .bss + .noinit)


Finished building: sizedummy
 

00:46:12 Build Finished (took 959ms)

