15:08:24 **** Incremental Build of configuration Debug for project EXTI_Lec2MotorsSystemProject ****
make all 
Building file: ../main.c
Invoking: AVR Compiler
avr-gcc -Wall -g2 -gstabs -O0 -fpack-struct -fshort-enums -ffunction-sections -fdata-sections -std=gnu99 -funsigned-char -funsigned-bitfields -mmcu=atmega32 -DF_CPU=8000000UL -MMD -MP -MF"main.d" -MT"main.o" -c -o "main.o" "../main.c"
In file included from ../main.c:14:
d:/embedded systems avr tools/01- imt sdk/imt_sdk_win_64/winavr/lib/gcc/../../avr/include/util/delay.h:90:3: warning: #warning "Compiler optimizations disabled; functions from <util/delay.h> won't work as designed"
../main.c:21: warning: return type of 'main' is not 'int'
Finished building: ../main.c
 
Building target: EXTI_Lec2MotorsSystemProject.elf
Invoking: AVR C Linker
avr-gcc -Wl,-Map,EXTI_Lec2MotorsSystemProject.map -mmcu=atmega32 -o "EXTI_Lec2MotorsSystemProject.elf"  ./CLCD_program.o ./DIO_program.o ./EXTI_program.o ./GIE_program.o ./KEYPAD_program.o ./MOTOR_program.o ./PORT_program.o ./SSD_program.o ./main.o   
Finished building target: EXTI_Lec2MotorsSystemProject.elf
 
Create Flash image (ihex format)
avr-objcopy -R .eeprom -R .fuse -R .lock -R .signature -O ihex EXTI_Lec2MotorsSystemProject.elf  "EXTI_Lec2MotorsSystemProject.hex"
Finished building: EXTI_Lec2MotorsSystemProject.hex
 
Create eeprom image (ihex format)
avr-objcopy -j .eeprom --no-change-warnings --change-section-lma .eeprom=0 -O ihex EXTI_Lec2MotorsSystemProject.elf  "EXTI_Lec2MotorsSystemProject.eep"
Finished building: EXTI_Lec2MotorsSystemProject.eep
 
Invoking: Print Size
avr-size --format=avr --mcu=atmega32 EXTI_Lec2MotorsSystemProject.elf
AVR Memory Usage
----------------
Device: atmega32

Program:   14126 bytes (43.1% Full)
(.text + .data + .bootloader)

Data:        363 bytes (17.7% Full)
(.data + .bss + .noinit)


Finished building: sizedummy
 

15:08:24 Build Finished (took 768ms)

