00:45:31 **** Incremental Build of configuration Debug for project freeRTOS_Driver ****
make all 
Building file: ../main.c
Invoking: AVR Compiler
avr-gcc -Wall -g2 -gstabs -O0 -fpack-struct -fshort-enums -ffunction-sections -fdata-sections -std=gnu99 -funsigned-char -funsigned-bitfields -mmcu=atmega32 -DF_CPU=8000000UL -MMD -MP -MF"main.d" -MT"main.o" -c -o "main.o" "../main.c"
../main.c:13: warning: return type of 'main' is not 'int'
Finished building: ../main.c
 
Building target: freeRTOS_Driver.elf
Invoking: AVR C Linker
avr-gcc -Wl,-Map,freeRTOS_Driver.map -mmcu=atmega32 -o "freeRTOS_Driver.elf"  ./DIO_program.o ./PORT_program.o ./croutine.o ./heap_1.o ./list.o ./main.o ./port.o ./queue.o ./tasks.o ./timers.o   
Finished building target: freeRTOS_Driver.elf
 
Invoking: AVR Create Extended Listing
avr-objdump -h -S freeRTOS_Driver.elf  >"freeRTOS_Driver.lss"
Finished building: freeRTOS_Driver.lss
 
Create Flash image (ihex format)
avr-objcopy -R .eeprom -R .fuse -R .lock -R .signature -O ihex freeRTOS_Driver.elf  "freeRTOS_Driver.hex"
Finished building: freeRTOS_Driver.hex
 
Invoking: Print Size
avr-size --format=avr --mcu=atmega32 freeRTOS_Driver.elf
AVR Memory Usage
----------------
Device: atmega32

Program:   12836 bytes (39.2% Full)
(.text + .data + .bootloader)

Data:       1167 bytes (57.0% Full)
(.data + .bss + .noinit)


Finished building: sizedummy
 

00:45:33 Build Finished (took 2s.146ms)

