04:10:57 **** Incremental Build of configuration Debug for project Servo_CTCwithTimer0 ****
make all 
Building file: ../main.c
Invoking: AVR Compiler
avr-gcc -Wall -g2 -gstabs -O0 -fpack-struct -fshort-enums -ffunction-sections -fdata-sections -std=gnu99 -funsigned-char -funsigned-bitfields -mmcu=atmega32 -DF_CPU=8000000UL -MMD -MP -MF"main.d" -MT"main.o" -c -o "main.o" "../main.c"
In file included from ../main.c:9:
d:/embedded systems avr tools/01- imt sdk/imt_sdk_win_64/winavr/lib/gcc/../../avr/include/util/delay.h:90:3: warning: #warning "Compiler optimizations disabled; functions from <util/delay.h> won't work as designed"
../main.c:19: warning: return type of 'main' is not 'int'
Finished building: ../main.c
 
Building target: Servo_CTCwithTimer0.elf
Invoking: AVR C Linker
avr-gcc -Wl,-Map,Servo_CTCwithTimer0.map -mmcu=atmega32 -o "Servo_CTCwithTimer0.elf"  ./DIO_program.o ./GIE_program.o ./PORT_program.o ./TIMERS_program.o ./main.o   
Finished building target: Servo_CTCwithTimer0.elf
 
Invoking: AVR Create Extended Listing
avr-objdump -h -S Servo_CTCwithTimer0.elf  >"Servo_CTCwithTimer0.lss"
Finished building: Servo_CTCwithTimer0.lss
 
Create Flash image (ihex format)
avr-objcopy -R .eeprom -R .fuse -R .lock -R .signature -O ihex Servo_CTCwithTimer0.elf  "Servo_CTCwithTimer0.hex"
Finished building: Servo_CTCwithTimer0.hex
 
Invoking: Print Size
avr-size --format=avr --mcu=atmega32 Servo_CTCwithTimer0.elf
AVR Memory Usage
----------------
Device: atmega32

Program:   11388 bytes (34.8% Full)
(.text + .data + .bootloader)

Data:         30 bytes (1.5% Full)
(.data + .bss + .noinit)


Finished building: sizedummy
 

04:10:58 Build Finished (took 820ms)

