03:08:50 **** Incremental Build of configuration Debug for project StepperApplicationProject ****
make all 
Building file: ../main.c
Invoking: AVR Compiler
avr-gcc -Wall -g2 -gstabs -O0 -fpack-struct -fshort-enums -ffunction-sections -fdata-sections -std=gnu99 -funsigned-char -funsigned-bitfields -mmcu=atmega32 -DF_CPU=8000000UL -MMD -MP -MF"main.d" -MT"main.o" -c -o "main.o" "../main.c"
In file included from ../main.c:8:
d:/embedded systems avr tools/01- imt sdk/imt_sdk_win_64/winavr/lib/gcc/../../avr/include/util/delay.h:90:3: warning: #warning "Compiler optimizations disabled; functions from <util/delay.h> won't work as designed"
../main.c:11: warning: return type of 'main' is not 'int'
Finished building: ../main.c
 
Building target: StepperApplicationProject.elf
Invoking: AVR C Linker
avr-gcc -Wl,-Map,StepperApplicationProject.map -mmcu=atmega32 -o "StepperApplicationProject.elf"  ./DIO_program.o ./PORT_program.o ./STEPPER_program.o ./main.o   
Finished building target: StepperApplicationProject.elf
 
Invoking: AVR Create Extended Listing
avr-objdump -h -S StepperApplicationProject.elf  >"StepperApplicationProject.lss"
Finished building: StepperApplicationProject.lss
 
Create Flash image (ihex format)
avr-objcopy -R .eeprom -R .fuse -R .lock -R .signature -O ihex StepperApplicationProject.elf  "StepperApplicationProject.hex"
Finished building: StepperApplicationProject.hex
 
Invoking: Print Size
avr-size --format=avr --mcu=atmega32 StepperApplicationProject.elf
AVR Memory Usage
----------------
Device: atmega32

Program:   11326 bytes (34.6% Full)
(.text + .data + .bootloader)

Data:        264 bytes (12.9% Full)
(.data + .bss + .noinit)


Finished building: sizedummy
 

03:08:51 Build Finished (took 993ms)

