09:50:58 **** Incremental Build of configuration Debug for project TIMERS_Lec3MotorsControlSystem ****
make all 
Building file: ../main.c
Invoking: AVR Compiler
avr-gcc -Wall -g2 -gstabs -O0 -fpack-struct -fshort-enums -ffunction-sections -fdata-sections -std=gnu99 -funsigned-char -funsigned-bitfields -mmcu=atmega32 -DF_CPU=8000000UL -MMD -MP -MF"main.d" -MT"main.o" -c -o "main.o" "../main.c"
In file included from ../main.c:19:
d:/embedded systems avr tools/01- imt sdk/imt_sdk_win_64/winavr/lib/gcc/../../avr/include/util/delay.h:90:3: warning: #warning "Compiler optimizations disabled; functions from <util/delay.h> won't work as designed"
../main.c:26: warning: return type of 'main' is not 'int'
../main.c: In function 'main':
../main.c:53: warning: unused variable 'Local_u8StepperMotorManage'
Finished building: ../main.c
 
Building target: TIMERS_Lec3MotorsControlSystem.elf
Invoking: AVR C Linker
avr-gcc -Wl,-Map,TIMERS_Lec3MotorsControlSystem.map -mmcu=atmega32 -o "TIMERS_Lec3MotorsControlSystem.elf"  ./ADC_program.o ./CLCD_program.o ./DIO_program.o ./EXTI_program.o ./GIE_program.o ./KEYPAD_program.o ./LIBRARY_program.o ./MOTOR_program.o ./PORT_program.o ./SSD_program.o ./STEPPER_program.o ./TIMERS_program.o ./main.o   
Finished building target: TIMERS_Lec3MotorsControlSystem.elf
 
Invoking: AVR Create Extended Listing
avr-objdump -h -S TIMERS_Lec3MotorsControlSystem.elf  >"TIMERS_Lec3MotorsControlSystem.lss"
Finished building: TIMERS_Lec3MotorsControlSystem.lss
 
Create Flash image (ihex format)
avr-objcopy -R .eeprom -R .fuse -R .lock -R .signature -O ihex TIMERS_Lec3MotorsControlSystem.elf  "TIMERS_Lec3MotorsControlSystem.hex"
Finished building: TIMERS_Lec3MotorsControlSystem.hex
 
Invoking: Print Size
avr-size --format=avr --mcu=atmega32 TIMERS_Lec3MotorsControlSystem.elf
AVR Memory Usage
----------------
Device: atmega32

Program:   28280 bytes (86.3% Full)
(.text + .data + .bootloader)

Data:        817 bytes (39.9% Full)
(.data + .bss + .noinit)


Finished building: sizedummy
 

09:50:59 Build Finished (took 929ms)

