00:40:47 **** Incremental Build of configuration Debug for project TIMERS_Lec3ControlServoAngleWithPot ****
make all 
Building file: ../main.c
Invoking: AVR Compiler
avr-gcc -Wall -g2 -gstabs -O0 -fpack-struct -fshort-enums -ffunction-sections -fdata-sections -std=gnu99 -funsigned-char -funsigned-bitfields -mmcu=atmega32 -DF_CPU=8000000UL -MMD -MP -MF"main.d" -MT"main.o" -c -o "main.o" "../main.c"
In file included from ../main.c:9:
d:/embedded systems avr tools/01- imt sdk/imt_sdk_win_64/winavr/lib/gcc/../../avr/include/util/delay.h:90:3: warning: #warning "Compiler optimizations disabled; functions from <util/delay.h> won't work as designed"
../main.c:12: warning: return type of 'main' is not 'int'
Finished building: ../main.c
 
Building target: TIMERS_Lec3ControlServoAngleWithPot.elf
Invoking: AVR C Linker
avr-gcc -Wl,-Map,TIMERS_Lec3ControlServoAngleWithPot.map -mmcu=atmega32 -o "TIMERS_Lec3ControlServoAngleWithPot.elf"  ./ADC_program.o ./DIO_program.o ./LIBRARY_program.o ./PORT_program.o ./TIMERS_program.o ./main.o   
Finished building target: TIMERS_Lec3ControlServoAngleWithPot.elf
 
Invoking: AVR Create Extended Listing
avr-objdump -h -S TIMERS_Lec3ControlServoAngleWithPot.elf  >"TIMERS_Lec3ControlServoAngleWithPot.lss"
Finished building: TIMERS_Lec3ControlServoAngleWithPot.lss
 
Create Flash image (ihex format)
avr-objcopy -R .eeprom -R .fuse -R .lock -R .signature -O ihex TIMERS_Lec3ControlServoAngleWithPot.elf  "TIMERS_Lec3ControlServoAngleWithPot.hex"
Finished building: TIMERS_Lec3ControlServoAngleWithPot.hex
 
Invoking: Print Size
avr-size --format=avr --mcu=atmega32 TIMERS_Lec3ControlServoAngleWithPot.elf
AVR Memory Usage
----------------
Device: atmega32

Program:    4028 bytes (12.3% Full)
(.text + .data + .bootloader)

Data:         22 bytes (1.1% Full)
(.data + .bss + .noinit)


Finished building: sizedummy
 

00:40:48 Build Finished (took 716ms)

