19:47:29 **** Build of configuration Debug for project TIMERS_Lec2ControlLedIntAndMotorSpeedByPot ****
make all 
Building file: ../ADC_program.c
Invoking: AVR Compiler
avr-gcc -Wall -g2 -gstabs -O0 -fpack-struct -fshort-enums -ffunction-sections -fdata-sections -std=gnu99 -funsigned-char -funsigned-bitfields -mmcu=atmega32 -DF_CPU=8000000UL -MMD -MP -MF"ADC_program.d" -MT"ADC_program.o" -c -o "ADC_program.o" "../ADC_program.c"
Finished building: ../ADC_program.c
 
Building file: ../DIO_program.c
Invoking: AVR Compiler
avr-gcc -Wall -g2 -gstabs -O0 -fpack-struct -fshort-enums -ffunction-sections -fdata-sections -std=gnu99 -funsigned-char -funsigned-bitfields -mmcu=atmega32 -DF_CPU=8000000UL -MMD -MP -MF"DIO_program.d" -MT"DIO_program.o" -c -o "DIO_program.o" "../DIO_program.c"
Finished building: ../DIO_program.c
 
Building file: ../LIBRARY_program.c
Invoking: AVR Compiler
avr-gcc -Wall -g2 -gstabs -O0 -fpack-struct -fshort-enums -ffunction-sections -fdata-sections -std=gnu99 -funsigned-char -funsigned-bitfields -mmcu=atmega32 -DF_CPU=8000000UL -MMD -MP -MF"LIBRARY_program.d" -MT"LIBRARY_program.o" -c -o "LIBRARY_program.o" "../LIBRARY_program.c"
Finished building: ../LIBRARY_program.c
 
Building file: ../MOTOR_program.c
Invoking: AVR Compiler
avr-gcc -Wall -g2 -gstabs -O0 -fpack-struct -fshort-enums -ffunction-sections -fdata-sections -std=gnu99 -funsigned-char -funsigned-bitfields -mmcu=atmega32 -DF_CPU=8000000UL -MMD -MP -MF"MOTOR_program.d" -MT"MOTOR_program.o" -c -o "MOTOR_program.o" "../MOTOR_program.c"
Finished building: ../MOTOR_program.c
 
Building file: ../PORT_program.c
Invoking: AVR Compiler
avr-gcc -Wall -g2 -gstabs -O0 -fpack-struct -fshort-enums -ffunction-sections -fdata-sections -std=gnu99 -funsigned-char -funsigned-bitfields -mmcu=atmega32 -DF_CPU=8000000UL -MMD -MP -MF"PORT_program.d" -MT"PORT_program.o" -c -o "PORT_program.o" "../PORT_program.c"
Finished building: ../PORT_program.c
 
Building file: ../TIMERS_program.c
Invoking: AVR Compiler
avr-gcc -Wall -g2 -gstabs -O0 -fpack-struct -fshort-enums -ffunction-sections -fdata-sections -std=gnu99 -funsigned-char -funsigned-bitfields -mmcu=atmega32 -DF_CPU=8000000UL -MMD -MP -MF"TIMERS_program.d" -MT"TIMERS_program.o" -c -o "TIMERS_program.o" "../TIMERS_program.c"
Finished building: ../TIMERS_program.c
 
Building file: ../main.c
Invoking: AVR Compiler
avr-gcc -Wall -g2 -gstabs -O0 -fpack-struct -fshort-enums -ffunction-sections -fdata-sections -std=gnu99 -funsigned-char -funsigned-bitfields -mmcu=atmega32 -DF_CPU=8000000UL -MMD -MP -MF"main.d" -MT"main.o" -c -o "main.o" "../main.c"
In file included from ../main.c:9:
d:/embedded systems avr tools/01- imt sdk/imt_sdk_win_64/winavr/lib/gcc/../../avr/include/util/delay.h:90:3: warning: #warning "Compiler optimizations disabled; functions from <util/delay.h> won't work as designed"
../main.c:12: warning: return type of 'main' is not 'int'
Finished building: ../main.c
 
Building target: TIMERS_Lec2ControlLedIntAndMotorSpeedByPot.elf
Invoking: AVR C Linker
avr-gcc -Wl,-Map,TIMERS_Lec2ControlLedIntAndMotorSpeedByPot.map -mmcu=atmega32 -o "TIMERS_Lec2ControlLedIntAndMotorSpeedByPot.elf"  ./ADC_program.o ./DIO_program.o ./LIBRARY_program.o ./MOTOR_program.o ./PORT_program.o ./TIMERS_program.o ./main.o   
Finished building target: TIMERS_Lec2ControlLedIntAndMotorSpeedByPot.elf
 
Invoking: AVR Create Extended Listing
avr-objdump -h -S TIMERS_Lec2ControlLedIntAndMotorSpeedByPot.elf  >"TIMERS_Lec2ControlLedIntAndMotorSpeedByPot.lss"
Finished building: TIMERS_Lec2ControlLedIntAndMotorSpeedByPot.lss
 
Create Flash image (ihex format)
avr-objcopy -R .eeprom -R .fuse -R .lock -R .signature -O ihex TIMERS_Lec2ControlLedIntAndMotorSpeedByPot.elf  "TIMERS_Lec2ControlLedIntAndMotorSpeedByPot.hex"
Finished building: TIMERS_Lec2ControlLedIntAndMotorSpeedByPot.hex
 
Invoking: Print Size
avr-size --format=avr --mcu=atmega32 TIMERS_Lec2ControlLedIntAndMotorSpeedByPot.elf
AVR Memory Usage
----------------
Device: atmega32

Program:    4266 bytes (13.0% Full)
(.text + .data + .bootloader)

Data:         22 bytes (1.1% Full)
(.data + .bss + .noinit)


Finished building: sizedummy
 

19:47:34 Build Finished (took 5s.191ms)

