03:10:11 **** Incremental Build of configuration Debug for project TIMER_Lec1ExternalTriggerAss ****
make all 
Building file: ../main.c
Invoking: AVR Compiler
avr-gcc -Wall -g2 -gstabs -O0 -fpack-struct -fshort-enums -ffunction-sections -fdata-sections -std=gnu99 -funsigned-char -funsigned-bitfields -mmcu=atmega32 -DF_CPU=8000000UL -MMD -MP -MF"main.d" -MT"main.o" -c -o "main.o" "../main.c"
In file included from ../main.c:10:
d:/embedded systems avr tools/01- imt sdk/imt_sdk_win_64/winavr/lib/gcc/../../avr/include/util/delay.h:90:3: warning: #warning "Compiler optimizations disabled; functions from <util/delay.h> won't work as designed"
../main.c:15: warning: return type of 'main' is not 'int'
Finished building: ../main.c
 
Building target: TIMER_Lec1ExternalTriggerAss.elf
Invoking: AVR C Linker
avr-gcc -Wl,-Map,TIMER_Lec1ExternalTriggerAss.map -mmcu=atmega32 -o "TIMER_Lec1ExternalTriggerAss.elf"  ./CLCD_program.o ./DIO_program.o ./GIE_program.o ./PORT_program.o ./SWITCH_program.o ./TIMER_program.o ./main.o   
Finished building target: TIMER_Lec1ExternalTriggerAss.elf
 
Invoking: AVR Create Extended Listing
avr-objdump -h -S TIMER_Lec1ExternalTriggerAss.elf  >"TIMER_Lec1ExternalTriggerAss.lss"
Finished building: TIMER_Lec1ExternalTriggerAss.lss
 
Create Flash image (ihex format)
avr-objcopy -R .eeprom -R .fuse -R .lock -R .signature -O ihex TIMER_Lec1ExternalTriggerAss.elf  "TIMER_Lec1ExternalTriggerAss.hex"
Finished building: TIMER_Lec1ExternalTriggerAss.hex
 
Invoking: Print Size
avr-size --format=avr --mcu=atmega32 TIMER_Lec1ExternalTriggerAss.elf
AVR Memory Usage
----------------
Device: atmega32

Program:    8006 bytes (24.4% Full)
(.text + .data + .bootloader)

Data:         49 bytes (2.4% Full)
(.data + .bss + .noinit)


Finished building: sizedummy
 

03:10:12 Build Finished (took 840ms)

